#
# There is insufficient memory for the Java Runtime Environment to continue.
# Native memory allocation (malloc) failed to allocate 90177536 bytes for committing reserved memory.
# Possible reasons:
#   The system is out of physical RAM or swap space
#   In 32 bit mode, the process size limit was hit
# Possible solutions:
#   Reduce memory load on the system
#   Increase physical memory or swap space
#   Check if swap backing store is full
#   Use 64 bit Java on a 64 bit OS
#   Decrease Java heap size (-Xmx/-Xms)
#   Decrease number of Java threads
#   Decrease Java thread stack sizes (-Xss)
#   Set larger code cache with -XX:ReservedCodeCacheSize=
# This output file may be truncated or incomplete.
#
#  Out of Memory Error (os_linux.cpp:2756), pid=19630, tid=140076821268224
#
# JRE version: Java(TM) SE Runtime Environment (7.0_79-b15) (build 1.7.0_79-b15)
# Java VM: Java HotSpot(TM) 64-Bit Server VM (24.79-b02 mixed mode linux-amd64 compressed oops)
# Failed to write core dump. Core dumps have been disabled. To enable core dumping, try "ulimit -c unlimited" before starting Java again
#

---------------  T H R E A D  ---------------

Current thread (0x00007f6628065800):  VMThread [stack: 0x00007f662d1c4000,0x00007f662d2c5000] [id=19647]

Stack: [0x00007f662d1c4000,0x00007f662d2c5000],  sp=0x00007f662d2c3140,  free space=1020k
Native frames: (J=compiled Java code, j=interpreted, Vv=VM code, C=native code)
V  [libjvm.so+0x9a32da]  VMError::report_and_die()+0x2ea
V  [libjvm.so+0x497f7b]  report_vm_out_of_memory(char const*, int, unsigned long, char const*)+0x9b
V  [libjvm.so+0x81fcce]  os::Linux::commit_memory_impl(char*, unsigned long, bool)+0xfe
V  [libjvm.so+0x820219]  os::pd_commit_memory(char*, unsigned long, unsigned long, bool)+0x29
V  [libjvm.so+0x819faa]  os::commit_memory(char*, unsigned long, unsigned long, bool)+0x2a
V  [libjvm.so+0x88d863]  PSVirtualSpace::expand_by(unsigned long)+0x53
V  [libjvm.so+0x88ec38]  PSYoungGen::resize_generation(unsigned long, unsigned long)+0xf8
V  [libjvm.so+0x88dda2]  PSYoungGen::resize(unsigned long, unsigned long)+0x22
V  [libjvm.so+0x88b15d]  PSScavenge::invoke_no_policy()+0xf3d
V  [libjvm.so+0x88b9a1]  PSScavenge::invoke()+0x41
V  [libjvm.so+0x842320]  ParallelScavengeHeap::failed_mem_allocate(unsigned long)+0x70
V  [libjvm.so+0x9a4b67]  VM_ParallelGCFailedAllocation::doit()+0x97
V  [libjvm.so+0x9ac005]  VM_Operation::evaluate()+0x55
V  [libjvm.so+0x9aa3ca]  VMThread::evaluate_operation(VM_Operation*)+0xba
V  [libjvm.so+0x9aa74e]  VMThread::loop()+0x1ce
V  [libjvm.so+0x9aabc0]  VMThread::run()+0x70
V  [libjvm.so+0x821ca8]  java_start(Thread*)+0x108

VM_Operation (0x00007f6631522c40): ParallelGCFailedAllocation, mode: safepoint, requested by thread 0x00007f662800a000


---------------  P R O C E S S  ---------------

Java Threads: ( => current thread )
  0x00007f6628094000 JavaThread "Service Thread" daemon [_thread_blocked, id=19657, stack(0x00007f662c4dc000,0x00007f662c5dd000)]
  0x00007f6628091800 JavaThread "C2 CompilerThread1" daemon [_thread_in_native, id=19654, stack(0x00007f662c5dd000,0x00007f662c6de000)]
  0x00007f662808e800 JavaThread "C2 CompilerThread0" daemon [_thread_blocked, id=19653, stack(0x00007f662c6de000,0x00007f662c7df000)]
  0x00007f662808c800 JavaThread "Signal Dispatcher" daemon [_thread_blocked, id=19652, stack(0x00007f662c7df000,0x00007f662c8e0000)]
  0x00007f662806b800 JavaThread "Finalizer" daemon [_thread_blocked, id=19650, stack(0x00007f662cfc2000,0x00007f662d0c3000)]
  0x00007f6628069800 JavaThread "Reference Handler" daemon [_thread_blocked, id=19648, stack(0x00007f662d0c3000,0x00007f662d1c4000)]
  0x00007f662800a000 JavaThread "main" [_thread_blocked, id=19640, stack(0x00007f6631424000,0x00007f6631525000)]

Other Threads:
=>0x00007f6628065800 VMThread [stack: 0x00007f662d1c4000,0x00007f662d2c5000] [id=19647]
  0x00007f662809e800 WatcherThread [stack: 0x00007f662c3db000,0x00007f662c4dc000] [id=19659]

VM state:at safepoint (normal execution)

VM Mutex/Monitor currently owned by a thread:  ([mutex/lock_event])
[0x00007f6628006650] Threads_lock - owner thread: 0x00007f6628065800
[0x00007f6628006b50] Heap_lock - owner thread: 0x00007f662800a000

Heap
 PSYoungGen      total 68096K, used 2548K [0x00000000eaa80000, 0x00000000eef80000, 0x0000000100000000)
  eden space 65536K, 0% used [0x00000000eaa80000,0x00000000eaa80000,0x00000000eea80000)
  from space 2560K, 99% used [0x00000000eea80000,0x00000000eecfd018,0x00000000eed00000)
  to   space 2560K, 0% used [0x00000000eed00000,0x00000000eed00000,0x00000000eef80000)
 ParOldGen       total 41984K, used 25481K [0x00000000c0000000, 0x00000000c2900000, 0x00000000eaa80000)
  object space 41984K, 60% used [0x00000000c0000000,0x00000000c18e2728,0x00000000c2900000)
 PSPermGen       total 21504K, used 5612K [0x00000000bae00000, 0x00000000bc300000, 0x00000000c0000000)
  object space 21504K, 26% used [0x00000000bae00000,0x00000000bb37b070,0x00000000bc300000)

Card table byte_map: [0x00007f662e4df000,0x00007f662e709000] byte_map_base: 0x00007f662df08000

Polling page: 0x00007f663153e000

Code Cache  [0x00007f6625000000, 0x00007f6625270000, 0x00007f6628000000)
 total_blobs=750 nmethods=524 adapters=180 free_code_cache=47221Kb largest_free_block=48224832

Compilation events (10 events):
Event: 14.030 Thread 0x00007f662808e800 nmethod 527 0x00007f66250d8a50 code [0x00007f66250d8ba0, 0x00007f66250d8d38]
Event: 14.030 Thread 0x00007f662808e800  528             com.android.dx.rop.cst.CstLiteral32::equals (35 bytes)
Event: 14.031 Thread 0x00007f662808e800 nmethod 528 0x00007f66250d8790 code [0x00007f66250d88e0, 0x00007f66250d8998]
Event: 14.031 Thread 0x00007f662808e800  529             com.android.dx.ssa.SsaRenamer$BlockRenamer$1::<init> (10 bytes)
Event: 14.032 Thread 0x00007f662808e800 nmethod 529 0x00007f66250d8590 code [0x00007f66250d86c0, 0x00007f66250d8738]
Event: 14.032 Thread 0x00007f662808e800  530             com.android.dx.ssa.SsaRenamer::access$1100 (5 bytes)
Event: 14.033 Thread 0x00007f662808e800 nmethod 530 0x00007f66250d8390 code [0x00007f66250d84c0, 0x00007f66250d8518]
Event: 14.033 Thread 0x00007f662808e800  531             com.android.dx.rop.code.Rop::<init> (137 bytes)
Event: 14.052 Thread 0x00007f662808e800 nmethod 531 0x00007f66250d7ed0 code [0x00007f66250d8020, 0x00007f66250d81d8]
Event: 14.052 Thread 0x00007f662808e800  532             com.android.dx.cf.code.ByteCatchList::toTargetList (114 bytes)

GC Heap History (9 events):
Event: 2.179 GC heap before
{Heap before GC invocations=1 (full 0):
 PSYoungGen      total 18944K, used 16384K [0x00000000eaa80000, 0x00000000ebf80000, 0x0000000100000000)
  eden space 16384K, 100% used [0x00000000eaa80000,0x00000000eba80000,0x00000000eba80000)
  from space 2560K, 0% used [0x00000000ebd00000,0x00000000ebd00000,0x00000000ebf80000)
  to   space 2560K, 0% used [0x00000000eba80000,0x00000000eba80000,0x00000000ebd00000)
 ParOldGen       total 41984K, used 0K [0x00000000c0000000, 0x00000000c2900000, 0x00000000eaa80000)
  object space 41984K, 0% used [0x00000000c0000000,0x00000000c0000000,0x00000000c2900000)
 PSPermGen       total 21504K, used 5335K [0x00000000bae00000, 0x00000000bc300000, 0x00000000c0000000)
  object space 21504K, 24% used [0x00000000bae00000,0x00000000bb335e98,0x00000000bc300000)
Event: 2.207 GC heap after
Heap after GC invocations=1 (full 0):
 PSYoungGen      total 18944K, used 2551K [0x00000000eaa80000, 0x00000000ecf80000, 0x0000000100000000)
  eden space 16384K, 0% used [0x00000000eaa80000,0x00000000eaa80000,0x00000000eba80000)
  from space 2560K, 99% used [0x00000000eba80000,0x00000000ebcfdde8,0x00000000ebd00000)
  to   space 2560K, 0% used [0x00000000ecd00000,0x00000000ecd00000,0x00000000ecf80000)
 ParOldGen       total 41984K, used 1750K [0x00000000c0000000, 0x00000000c2900000, 0x00000000eaa80000)
  object space 41984K, 4% used [0x00000000c0000000,0x00000000c01b5b28,0x00000000c2900000)
 PSPermGen       total 21504K, used 5335K [0x00000000bae00000, 0x00000000bc300000, 0x00000000c0000000)
  object space 21504K, 24% used [0x00000000bae00000,0x00000000bb335e98,0x00000000bc300000)
}
Event: 4.363 GC heap before
{Heap before GC invocations=2 (full 0):
 PSYoungGen      total 18944K, used 18935K [0x00000000eaa80000, 0x00000000ecf80000, 0x0000000100000000)
  eden space 16384K, 100% used [0x00000000eaa80000,0x00000000eba80000,0x00000000eba80000)
  from space 2560K, 99% used [0x00000000eba80000,0x00000000ebcfdde8,0x00000000ebd00000)
  to   space 2560K, 0% used [0x00000000ecd00000,0x00000000ecd00000,0x00000000ecf80000)
 ParOldGen       total 41984K, used 1750K [0x00000000c0000000, 0x00000000c2900000, 0x00000000eaa80000)
  object space 41984K, 4% used [0x00000000c0000000,0x00000000c01b5b28,0x00000000c2900000)
 PSPermGen       total 21504K, used 5495K [0x00000000bae00000, 0x00000000bc300000, 0x00000000c0000000)
  object space 21504K, 25% used [0x00000000bae00000,0x00000000bb35dce8,0x00000000bc300000)
Event: 4.400 GC heap after
Heap after GC invocations=2 (full 0):
 PSYoungGen      total 35328K, used 2553K [0x00000000eaa80000, 0x00000000ecf80000, 0x0000000100000000)
  eden space 32768K, 0% used [0x00000000eaa80000,0x00000000eaa80000,0x00000000eca80000)
  from space 2560K, 99% used [0x00000000ecd00000,0x00000000ecf7e438,0x00000000ecf80000)
  to   space 2560K, 0% used [0x00000000eca80000,0x00000000eca80000,0x00000000ecd00000)
 ParOldGen       total 41984K, used 4468K [0x00000000c0000000, 0x00000000c2900000, 0x00000000eaa80000)
  object space 41984K, 10% used [0x00000000c0000000,0x00000000c045d278,0x00000000c2900000)
 PSPermGen       total 21504K, used 5495K [0x00000000bae00000, 0x00000000bc300000, 0x00000000c0000000)
  object space 21504K, 25% used [0x00000000bae00000,0x00000000bb35dce8,0x00000000bc300000)
}
Event: 7.514 GC heap before
{Heap before GC invocations=3 (full 0):
 PSYoungGen      total 35328K, used 35321K [0x00000000eaa80000, 0x00000000ecf80000, 0x0000000100000000)
  eden space 32768K, 100% used [0x00000000eaa80000,0x00000000eca80000,0x00000000eca80000)
  from space 2560K, 99% used [0x00000000ecd00000,0x00000000ecf7e438,0x00000000ecf80000)
  to   space 2560K, 0% used [0x00000000eca80000,0x00000000eca80000,0x00000000ecd00000)
 ParOldGen       total 41984K, used 4468K [0x00000000c0000000, 0x00000000c2900000, 0x00000000eaa80000)
  object space 41984K, 10% used [0x00000000c0000000,0x00000000c045d278,0x00000000c2900000)
 PSPermGen       total 21504K, used 5554K [0x00000000bae00000, 0x00000000bc300000, 0x00000000c0000000)
  object space 21504K, 25% used [0x00000000bae00000,0x00000000bb36c800,0x00000000bc300000)
Event: 7.608 GC heap after
Heap after GC invocations=3 (full 0):
 PSYoungGen      total 35328K, used 2548K [0x00000000eaa80000, 0x00000000eef80000, 0x0000000100000000)
  eden space 32768K, 0% used [0x00000000eaa80000,0x00000000eaa80000,0x00000000eca80000)
  from space 2560K, 99% used [0x00000000eca80000,0x00000000eccfd018,0x00000000ecd00000)
  to   space 2560K, 0% used [0x00000000eed00000,0x00000000eed00000,0x00000000eef80000)
 ParOldGen       total 41984K, used 9405K [0x00000000c0000000, 0x00000000c2900000, 0x00000000eaa80000)
  object space 41984K, 22% used [0x00000000c0000000,0x00000000c092f478,0x00000000c2900000)
 PSPermGen       total 21504K, used 5554K [0x00000000bae00000, 0x00000000bc300000, 0x00000000c0000000)
  object space 21504K, 25% used [0x00000000bae00000,0x00000000bb36c800,0x00000000bc300000)
}
Event: 9.559 GC heap before
{Heap before GC invocations=4 (full 0):
 PSYoungGen      total 35328K, used 35316K [0x00000000eaa80000, 0x00000000eef80000, 0x0000000100000000)
  eden space 32768K, 100% used [0x00000000eaa80000,0x00000000eca80000,0x00000000eca80000)
  from space 2560K, 99% used [0x00000000eca80000,0x00000000eccfd018,0x00000000ecd00000)
  to   space 2560K, 0% used [0x00000000eed00000,0x00000000eed00000,0x00000000eef80000)
 ParOldGen       total 41984K, used 9405K [0x00000000c0000000, 0x00000000c2900000, 0x00000000eaa80000)
  object space 41984K, 22% used [0x00000000c0000000,0x00000000c092f478,0x00000000c2900000)
 PSPermGen       total 21504K, used 5573K [0x00000000bae00000, 0x00000000bc300000, 0x00000000c0000000)
  object space 21504K, 25% used [0x00000000bae00000,0x00000000bb371518,0x00000000bc300000)
Event: 9.628 GC heap after
Heap after GC invocations=4 (full 0):
 PSYoungGen      total 68096K, used 2530K [0x00000000eaa80000, 0x00000000eef80000, 0x0000000100000000)
  eden space 65536K, 0% used [0x00000000eaa80000,0x00000000eaa80000,0x00000000eea80000)
  from space 2560K, 98% used [0x00000000eed00000,0x00000000eef78878,0x00000000eef80000)
  to   space 2560K, 0% used [0x00000000eea80000,0x00000000eea80000,0x00000000eed00000)
 ParOldGen       total 41984K, used 14860K [0x00000000c0000000, 0x00000000c2900000, 0x00000000eaa80000)
  object space 41984K, 35% used [0x00000000c0000000,0x00000000c0e83138,0x00000000c2900000)
 PSPermGen       total 21504K, used 5573K [0x00000000bae00000, 0x00000000bc300000, 0x00000000c0000000)
  object space 21504K, 25% used [0x00000000bae00000,0x00000000bb371518,0x00000000bc300000)
}
Event: 14.093 GC heap before
{Heap before GC invocations=5 (full 0):
 PSYoungGen      total 68096K, used 68066K [0x00000000eaa80000, 0x00000000eef80000, 0x0000000100000000)
  eden space 65536K, 100% used [0x00000000eaa80000,0x00000000eea80000,0x00000000eea80000)
  from space 2560K, 98% used [0x00000000eed00000,0x00000000eef78878,0x00000000eef80000)
  to   space 2560K, 0% used [0x00000000eea80000,0x00000000eea80000,0x00000000eed00000)
 ParOldGen       total 41984K, used 14860K [0x00000000c0000000, 0x00000000c2900000, 0x00000000eaa80000)
  object space 41984K, 35% used [0x00000000c0000000,0x00000000c0e83138,0x00000000c2900000)
 PSPermGen       total 21504K, used 5612K [0x00000000bae00000, 0x00000000bc300000, 0x00000000c0000000)
  object space 21504K, 26% used [0x00000000bae00000,0x00000000bb37b070,0x00000000bc300000)

Deoptimization events (10 events):
Event: 10.146 Thread 0x00007f662800a000 Uncommon trap: reason=bimorphic action=maybe_recompile pc=0x00007f662512f100 method=com.android.dx.cf.code.BytecodeArray.parseInstruction(ILcom/android/dx/cf/code/BytecodeArray$Visitor;)I @ 1130
Event: 10.149 Thread 0x00007f662800a000 Uncommon trap: reason=bimorphic action=maybe_recompile pc=0x00007f662512f100 method=com.android.dx.cf.code.BytecodeArray.parseInstruction(ILcom/android/dx/cf/code/BytecodeArray$Visitor;)I @ 1130
Event: 10.693 Thread 0x00007f662800a000 Uncommon trap: reason=bimorphic action=maybe_recompile pc=0x00007f662513ee3c method=com.android.dx.ssa.LiteralOpUpgrader.tryReplacingWithConstant(Lcom/android/dx/ssa/NormalSsaInsn;)Z @ 52
Event: 10.694 Thread 0x00007f662800a000 Uncommon trap: reason=unreached action=reinterpret pc=0x00007f6625165030 method=com.android.dx.dex.code.RopToDop.dopFor(Lcom/android/dx/rop/code/Insn;)Lcom/android/dx/dex/code/Dop; @ 747
Event: 11.395 Thread 0x00007f662800a000 Uncommon trap: reason=unreached action=reinterpret pc=0x00007f6625194ed8 method=com.android.dx.cf.code.RopperMachine.run(Lcom/android/dx/cf/code/Frame;II)V @ 1500
Event: 11.395 Thread 0x00007f662800a000 Uncommon trap: reason=class_check action=maybe_recompile pc=0x00007f6625100848 method=com.android.dx.cf.code.Ropper.processBlock(Lcom/android/dx/cf/code/ByteBlock;Lcom/android/dx/cf/code/Frame;[I)V @ 777
Event: 11.567 Thread 0x00007f662800a000 Uncommon trap: reason=class_check action=maybe_recompile pc=0x00007f662518c93c method=com.android.dx.ssa.SCCP.replaceConstants()V @ 127
Event: 12.294 Thread 0x00007f662800a000 Uncommon trap: reason=null_check action=make_not_entrant pc=0x00007f66251e1b8c method=com.android.dx.dex.file.MethodIdsSection.intern(Lcom/android/dx/rop/cst/CstBaseMethodRef;)Lcom/android/dx/dex/file/MethodIdItem; @ 26
Event: 13.608 Thread 0x00007f662800a000 Uncommon trap: reason=unreached action=reinterpret pc=0x00007f66251c61ac method=com.android.dx.rop.code.LocalItem.compareHandlesNulls(Lcom/android/dx/rop/cst/CstString;Lcom/android/dx/rop/cst/CstString;)I @ 14
Event: 13.608 Thread 0x00007f662800a000 Uncommon trap: reason=unreached action=reinterpret pc=0x00007f662514bfc8 method=com.android.dx.rop.code.LocalItem.compareHandlesNulls(Lcom/android/dx/rop/cst/CstString;Lcom/android/dx/rop/cst/CstString;)I @ 14

Internal exceptions (10 events):
Event: 3.020 Thread 0x00007f662800a000 Threw 0x00000000eb0a1368 at /HUDSON/workspace/7u-2-build-linux-amd64/jdk7u79/2331/hotspot/src/share/vm/prims/jvm.cpp:1304
Event: 3.043 Thread 0x00007f662800a000 Implicit null exception at 0x00007f66250afbd6 to 0x00007f66250b0d09
Event: 3.150 Thread 0x00007f662800a000 Threw 0x00000000eb179c10 at /HUDSON/workspace/7u-2-build-linux-amd64/jdk7u79/2331/hotspot/src/share/vm/prims/jvm.cpp:1304
Event: 3.151 Thread 0x00007f662800a000 Threw 0x00000000eb17f660 at /HUDSON/workspace/7u-2-build-linux-amd64/jdk7u79/2331/hotspot/src/share/vm/prims/jvm.cpp:1304
Event: 3.152 Thread 0x00007f662800a000 Threw 0x00000000eb184a30 at /HUDSON/workspace/7u-2-build-linux-amd64/jdk7u79/2331/hotspot/src/share/vm/prims/jvm.cpp:1304
Event: 3.840 Thread 0x00007f662800a000 Implicit null exception at 0x00007f66250c16c7 to 0x00007f66250c1df1
Event: 9.392 Thread 0x00007f662800a000 Threw 0x00000000ec829358 at /HUDSON/workspace/7u-2-build-linux-amd64/jdk7u79/2331/hotspot/src/share/vm/prims/jvm.cpp:1304
Event: 9.687 Thread 0x00007f662800a000 Implicit null exception at 0x00007f66250b8739 to 0x00007f66250b999d
Event: 13.608 Thread 0x00007f662800a000 Implicit null exception at 0x00007f66251c6068 to 0x00007f66251c6199
Event: 13.608 Thread 0x00007f662800a000 Implicit null exception at 0x00007f662514bef9 to 0x00007f662514bfb5

Events (10 events):
Event: 13.519 Thread 0x00007f662808e800 flushing nmethod 0x00007f66250d6c90
Event: 13.608 Thread 0x00007f662800a000 Uncommon trap: trap_request=0xffffffad fr.pc=0x00007f66251c61ac
Event: 13.608 Thread 0x00007f662800a000 DEOPT PACKING pc=0x00007f66251c61ac sp=0x00007f6631522ca0
Event: 13.608 Thread 0x00007f662800a000 DEOPT UNPACKING pc=0x00007f6625039045 sp=0x00007f6631522c10 mode 2
Event: 13.608 Thread 0x00007f662800a000 Uncommon trap: trap_request=0xffffffad fr.pc=0x00007f662514bfc8
Event: 13.608 Thread 0x00007f662800a000 DEOPT PACKING pc=0x00007f662514bfc8 sp=0x00007f6631522c20
Event: 13.608 Thread 0x00007f662800a000 DEOPT UNPACKING pc=0x00007f6625039045 sp=0x00007f6631522be8 mode 2
Event: 13.989 Thread 0x00007f662808e800 flushing nmethod 0x00007f66250b7ad0
Event: 14.013 Thread 0x00007f662808e800 flushing nmethod 0x00007f662512bc50
Event: 14.093 Executing VM operation: ParallelGCFailedAllocation


Dynamic libraries:
00400000-00401000 r-xp 00000000 08:03 1324608                            /usr/java/jdk1.7.0_79/bin/java
00600000-00601000 rw-p 00000000 08:03 1324608                            /usr/java/jdk1.7.0_79/bin/java
015fb000-0161c000 rw-p 00000000 00:00 0                                  [heap]
bae00000-bc300000 rw-p 00000000 00:00 0 
bc300000-c0000000 rw-p 00000000 00:00 0 
c0000000-c2900000 rw-p 00000000 00:00 0 
c2900000-eaa80000 rw-p 00000000 00:00 0 
eaa80000-eef80000 rw-p 00000000 00:00 0 
f4580000-100000000 rw-p 00000000 00:00 0 
7f65f8000000-7f65f8021000 rw-p 00000000 00:00 0 
7f65f8021000-7f65fc000000 ---p 00000000 00:00 0 
7f65fc000000-7f65fc021000 rw-p 00000000 00:00 0 
7f65fc021000-7f6600000000 ---p 00000000 00:00 0 
7f6600000000-7f6600c99000 rw-p 00000000 00:00 0 
7f6600c99000-7f6604000000 ---p 00000000 00:00 0 
7f6604000000-7f6604e52000 rw-p 00000000 00:00 0 
7f6604e52000-7f6608000000 ---p 00000000 00:00 0 
7f6608000000-7f6608021000 rw-p 00000000 00:00 0 
7f6608021000-7f660c000000 ---p 00000000 00:00 0 
7f660c000000-7f660c021000 rw-p 00000000 00:00 0 
7f660c021000-7f6610000000 ---p 00000000 00:00 0 
7f6610000000-7f6610021000 rw-p 00000000 00:00 0 
7f6610021000-7f6614000000 ---p 00000000 00:00 0 
7f6615d70000-7f6618000000 rw-p 00000000 00:00 0 
7f6618000000-7f6618021000 rw-p 00000000 00:00 0 
7f6618021000-7f661c000000 ---p 00000000 00:00 0 
7f661c000000-7f661c24f000 rw-p 00000000 00:00 0 
7f661c24f000-7f6620000000 ---p 00000000 00:00 0 
7f6620000000-7f6620021000 rw-p 00000000 00:00 0 
7f6620021000-7f6624000000 ---p 00000000 00:00 0 
7f6624de9000-7f6624dff000 r-xp 00000000 08:03 1324781                    /usr/java/jdk1.7.0_79/jre/lib/amd64/libnet.so
7f6624dff000-7f6624fff000 ---p 00016000 08:03 1324781                    /usr/java/jdk1.7.0_79/jre/lib/amd64/libnet.so
7f6624fff000-7f6625000000 rw-p 00016000 08:03 1324781                    /usr/java/jdk1.7.0_79/jre/lib/amd64/libnet.so
7f6625000000-7f6625270000 rwxp 00000000 00:00 0 
7f6625270000-7f66281af000 rw-p 00000000 00:00 0 
7f66281af000-7f662c000000 ---p 00000000 00:00 0 
7f662c164000-7f662c178000 r--p 00000000 08:03 277319                     /usr/share/locale-langpack/zh_CN/LC_MESSAGES/libc.mo
7f662c178000-7f662c1a9000 rw-p 00000000 00:00 0 
7f662c1a9000-7f662c1b9000 r-xp 00000000 08:03 1324782                    /usr/java/jdk1.7.0_79/jre/lib/amd64/libnio.so
7f662c1b9000-7f662c3b9000 ---p 00010000 08:03 1324782                    /usr/java/jdk1.7.0_79/jre/lib/amd64/libnio.so
7f662c3b9000-7f662c3ba000 rw-p 00010000 08:03 1324782                    /usr/java/jdk1.7.0_79/jre/lib/amd64/libnio.so
7f662c3ba000-7f662c3cc000 r--s 000c6000 08:03 926864                     /home/mio/AndroidStudioProjects/DesignTest/app/build/intermediates/exploded-aar/com.android.support/support-v4/22.2.1/jars/classes.jar
7f662c3cc000-7f662c3db000 r--s 000dd000 08:03 803751                     /home/mio/android-sdk/build-tools/22.0.1/lib/dx.jar
7f662c3db000-7f662c3dc000 ---p 00000000 00:00 0 
7f662c3dc000-7f662c4dc000 rw-p 00000000 00:00 0                          [stack:19659]
7f662c4dc000-7f662c4df000 ---p 00000000 00:00 0 
7f662c4df000-7f662c5dd000 rw-p 00000000 00:00 0                          [stack:19657]
7f662c5dd000-7f662c5e0000 ---p 00000000 00:00 0 
7f662c5e0000-7f662c6de000 rw-p 00000000 00:00 0                          [stack:19654]
7f662c6de000-7f662c6e1000 ---p 00000000 00:00 0 
7f662c6e1000-7f662c7df000 rw-p 00000000 00:00 0                          [stack:19653]
7f662c7df000-7f662c7e2000 ---p 00000000 00:00 0 
7f662c7e2000-7f662c8e0000 rw-p 00000000 00:00 0                          [stack:19652]
7f662c8e0000-7f662cfc2000 r--p 00000000 08:03 1316390                    /usr/lib/locale/locale-archive
7f662cfc2000-7f662cfc5000 ---p 00000000 00:00 0 
7f662cfc5000-7f662d0c3000 rw-p 00000000 00:00 0                          [stack:19650]
7f662d0c3000-7f662d0c6000 ---p 00000000 00:00 0 
7f662d0c6000-7f662d1c4000 rw-p 00000000 00:00 0                          [stack:19648]
7f662d1c4000-7f662d1c5000 ---p 00000000 00:00 0 
7f662d1c5000-7f662dc7c000 rw-p 00000000 00:00 0                          [stack:19647]
7f662dc7c000-7f662de3c000 r--s 039f7000 08:03 1325023                    /usr/java/jdk1.7.0_79/jre/lib/rt.jar
7f662de3c000-7f662e15e000 rw-p 00000000 00:00 0 
7f662e15e000-7f662e15f000 ---p 00000000 00:00 0 
7f662e15f000-7f662e25f000 rw-p 00000000 00:00 0                          [stack:19645]
7f662e25f000-7f662e260000 ---p 00000000 00:00 0 
7f662e260000-7f662e36b000 rw-p 00000000 00:00 0                          [stack:19642]
7f662e36b000-7f662e389000 rw-p 00000000 00:00 0 
7f662e389000-7f662e39e000 rw-p 00000000 00:00 0 
7f662e39e000-7f662e4df000 rw-p 00000000 00:00 0 
7f662e4df000-7f662e4ea000 rw-p 00000000 00:00 0 
7f662e4ea000-7f662e508000 rw-p 00000000 00:00 0 
7f662e508000-7f662e51d000 rw-p 00000000 00:00 0 
7f662e51d000-7f662e65d000 rw-p 00000000 00:00 0 
7f662e65d000-7f662e680000 rw-p 00000000 00:00 0 
7f662e680000-7f662e708000 rw-p 00000000 00:00 0 
7f662e708000-7f662e709000 rw-p 00000000 00:00 0 
7f662e709000-7f662e723000 r-xp 00000000 08:03 1324793                    /usr/java/jdk1.7.0_79/jre/lib/amd64/libzip.so
7f662e723000-7f662e923000 ---p 0001a000 08:03 1324793                    /usr/java/jdk1.7.0_79/jre/lib/amd64/libzip.so
7f662e923000-7f662e924000 rw-p 0001a000 08:03 1324793                    /usr/java/jdk1.7.0_79/jre/lib/amd64/libzip.so
7f662e924000-7f662e92f000 r-xp 00000000 08:03 1452448                    /lib/x86_64-linux-gnu/libnss_files-2.19.so
7f662e92f000-7f662eb2e000 ---p 0000b000 08:03 1452448                    /lib/x86_64-linux-gnu/libnss_files-2.19.so
7f662eb2e000-7f662eb2f000 r--p 0000a000 08:03 1452448                    /lib/x86_64-linux-gnu/libnss_files-2.19.so
7f662eb2f000-7f662eb30000 rw-p 0000b000 08:03 1452448                    /lib/x86_64-linux-gnu/libnss_files-2.19.so
7f662eb30000-7f662eb3b000 r-xp 00000000 08:03 1452468                    /lib/x86_64-linux-gnu/libnss_nis-2.19.so
7f662eb3b000-7f662ed3a000 ---p 0000b000 08:03 1452468                    /lib/x86_64-linux-gnu/libnss_nis-2.19.so
7f662ed3a000-7f662ed3b000 r--p 0000a000 08:03 1452468                    /lib/x86_64-linux-gnu/libnss_nis-2.19.so
7f662ed3b000-7f662ed3c000 rw-p 0000b000 08:03 1452468                    /lib/x86_64-linux-gnu/libnss_nis-2.19.so
7f662ed3c000-7f662ed53000 r-xp 00000000 08:03 1452457                    /lib/x86_64-linux-gnu/libnsl-2.19.so
7f662ed53000-7f662ef52000 ---p 00017000 08:03 1452457                    /lib/x86_64-linux-gnu/libnsl-2.19.so
7f662ef52000-7f662ef53000 r--p 00016000 08:03 1452457                    /lib/x86_64-linux-gnu/libnsl-2.19.so
7f662ef53000-7f662ef54000 rw-p 00017000 08:03 1452457                    /lib/x86_64-linux-gnu/libnsl-2.19.so
7f662ef54000-7f662ef56000 rw-p 00000000 00:00 0 
7f662ef56000-7f662ef5f000 r-xp 00000000 08:03 1452456                    /lib/x86_64-linux-gnu/libnss_compat-2.19.so
7f662ef5f000-7f662f15e000 ---p 00009000 08:03 1452456                    /lib/x86_64-linux-gnu/libnss_compat-2.19.so
7f662f15e000-7f662f15f000 r--p 00008000 08:03 1452456                    /lib/x86_64-linux-gnu/libnss_compat-2.19.so
7f662f15f000-7f662f160000 rw-p 00009000 08:03 1452456                    /lib/x86_64-linux-gnu/libnss_compat-2.19.so
7f662f160000-7f662f189000 r-xp 00000000 08:03 1324763                    /usr/java/jdk1.7.0_79/jre/lib/amd64/libjava.so
7f662f189000-7f662f389000 ---p 00029000 08:03 1324763                    /usr/java/jdk1.7.0_79/jre/lib/amd64/libjava.so
7f662f389000-7f662f38b000 rw-p 00029000 08:03 1324763                    /usr/java/jdk1.7.0_79/jre/lib/amd64/libjava.so
7f662f38b000-7f662f398000 r-xp 00000000 08:03 1324792                    /usr/java/jdk1.7.0_79/jre/lib/amd64/libverify.so
7f662f398000-7f662f597000 ---p 0000d000 08:03 1324792                    /usr/java/jdk1.7.0_79/jre/lib/amd64/libverify.so
7f662f597000-7f662f599000 rw-p 0000c000 08:03 1324792                    /usr/java/jdk1.7.0_79/jre/lib/amd64/libverify.so
7f662f599000-7f662f5a0000 r-xp 00000000 08:03 1452465                    /lib/x86_64-linux-gnu/librt-2.19.so
7f662f5a0000-7f662f79f000 ---p 00007000 08:03 1452465                    /lib/x86_64-linux-gnu/librt-2.19.so
7f662f79f000-7f662f7a0000 r--p 00006000 08:03 1452465                    /lib/x86_64-linux-gnu/librt-2.19.so
7f662f7a0000-7f662f7a1000 rw-p 00007000 08:03 1452465                    /lib/x86_64-linux-gnu/librt-2.19.so
7f662f7a1000-7f662f8a6000 r-xp 00000000 08:03 1452447                    /lib/x86_64-linux-gnu/libm-2.19.so
7f662f8a6000-7f662faa5000 ---p 00105000 08:03 1452447                    /lib/x86_64-linux-gnu/libm-2.19.so
7f662faa5000-7f662faa6000 r--p 00104000 08:03 1452447                    /lib/x86_64-linux-gnu/libm-2.19.so
7f662faa6000-7f662faa7000 rw-p 00105000 08:03 1452447                    /lib/x86_64-linux-gnu/libm-2.19.so
7f662faa7000-7f663061c000 r-xp 00000000 08:03 1324796                    /usr/java/jdk1.7.0_79/jre/lib/amd64/server/libjvm.so
7f663061c000-7f663081c000 ---p 00b75000 08:03 1324796                    /usr/java/jdk1.7.0_79/jre/lib/amd64/server/libjvm.so
7f663081c000-7f66308e0000 rw-p 00b75000 08:03 1324796                    /usr/java/jdk1.7.0_79/jre/lib/amd64/server/libjvm.so
7f66308e0000-7f6630921000 rw-p 00000000 00:00 0 
7f6630921000-7f6630adc000 r-xp 00000000 08:03 1452462                    /lib/x86_64-linux-gnu/libc-2.19.so
7f6630adc000-7f6630cdb000 ---p 001bb000 08:03 1452462                    /lib/x86_64-linux-gnu/libc-2.19.so
7f6630cdb000-7f6630cdf000 r--p 001ba000 08:03 1452462                    /lib/x86_64-linux-gnu/libc-2.19.so
7f6630cdf000-7f6630ce1000 rw-p 001be000 08:03 1452462                    /lib/x86_64-linux-gnu/libc-2.19.so
7f6630ce1000-7f6630ce6000 rw-p 00000000 00:00 0 
7f6630ce6000-7f6630ce9000 r-xp 00000000 08:03 1452451                    /lib/x86_64-linux-gnu/libdl-2.19.so
7f6630ce9000-7f6630ee8000 ---p 00003000 08:03 1452451                    /lib/x86_64-linux-gnu/libdl-2.19.so
7f6630ee8000-7f6630ee9000 r--p 00002000 08:03 1452451                    /lib/x86_64-linux-gnu/libdl-2.19.so
7f6630ee9000-7f6630eea000 rw-p 00003000 08:03 1452451                    /lib/x86_64-linux-gnu/libdl-2.19.so
7f6630eea000-7f6630f00000 r-xp 00000000 08:03 1325462                    /usr/java/jdk1.7.0_79/lib/amd64/jli/libjli.so
7f6630f00000-7f6631100000 ---p 00016000 08:03 1325462                    /usr/java/jdk1.7.0_79/lib/amd64/jli/libjli.so
7f6631100000-7f6631101000 rw-p 00016000 08:03 1325462                    /usr/java/jdk1.7.0_79/lib/amd64/jli/libjli.so
7f6631101000-7f663111a000 r-xp 00000000 08:03 1452463                    /lib/x86_64-linux-gnu/libpthread-2.19.so
7f663111a000-7f6631319000 ---p 00019000 08:03 1452463                    /lib/x86_64-linux-gnu/libpthread-2.19.so
7f6631319000-7f663131a000 r--p 00018000 08:03 1452463                    /lib/x86_64-linux-gnu/libpthread-2.19.so
7f663131a000-7f663131b000 rw-p 00019000 08:03 1452463                    /lib/x86_64-linux-gnu/libpthread-2.19.so
7f663131b000-7f663131f000 rw-p 00000000 00:00 0 
7f663131f000-7f6631342000 r-xp 00000000 08:03 1452459                    /lib/x86_64-linux-gnu/ld-2.19.so
7f663134e000-7f663136e000 rw-p 00000000 00:00 0 
7f663136e000-7f6631424000 rw-p 00000000 00:00 0 
7f6631424000-7f6631427000 ---p 00000000 00:00 0 
7f6631427000-7f6631529000 rw-p 00000000 00:00 0                          [stack:19640]
7f663152d000-7f663152e000 rw-p 00000000 00:00 0 
7f663152e000-7f6631535000 r--s 00000000 08:03 1708704                    /usr/lib/x86_64-linux-gnu/gconv/gconv-modules.cache
7f6631535000-7f663153d000 rw-s 00000000 08:03 555924                     /tmp/hsperfdata_mio/19630
7f663153d000-7f663153e000 rw-p 00000000 00:00 0 
7f663153e000-7f663153f000 ---p 00000000 00:00 0 
7f663153f000-7f6631541000 rw-p 00000000 00:00 0 
7f6631541000-7f6631542000 r--p 00022000 08:03 1452459                    /lib/x86_64-linux-gnu/ld-2.19.so
7f6631542000-7f6631543000 rw-p 00023000 08:03 1452459                    /lib/x86_64-linux-gnu/ld-2.19.so
7f6631543000-7f6631544000 rw-p 00000000 00:00 0 
7fff8c52d000-7fff8c54f000 rw-p 00000000 00:00 0                          [stack]
7fff8c5e7000-7fff8c5e9000 r-xp 00000000 00:00 0                          [vdso]
7fff8c5e9000-7fff8c5eb000 r--p 00000000 00:00 0                          [vvar]
ffffffffff600000-ffffffffff601000 r-xp 00000000 00:00 0                  [vsyscall]

VM Arguments:
jvm_args: -Xmx1024M -Dfile.encoding=UTF-8 -Duser.country=CN -Duser.language=zh -Duser.variant 
java_command: com.android.dx.command.Main --dex --output /home/mio/AndroidStudioProjects/DesignTest/app/build/intermediates/pre-dexed/debug/classes-e0bee29efcc095fd9b2170a79b040c77c2871107.jar /home/mio/AndroidStudioProjects/DesignTest/app/build/intermediates/exploded-aar/com.android.support/support-v4/22.2.1/jars/classes.jar
Launcher Type: SUN_STANDARD

Environment Variables:
JAVA_HOME=/usr/java/jdk1.7.0_79
JRE_HOME=/usr/java/jdk1.7.0_79/jre
CLASSPATH=/home/mio/android-studio/bin/../lib/bootstrap.jar:/home/mio/android-studio/bin/../lib/extensions.jar:/home/mio/android-studio/bin/../lib/util.jar:/home/mio/android-studio/bin/../lib/jdom.jar:/home/mio/android-studio/bin/../lib/log4j.jar:/home/mio/android-studio/bin/../lib/trove4j.jar:/home/mio/android-studio/bin/../lib/jna.jar:/usr/java/jdk1.7.0_79/lib/tools.jar
PATH=/usr/java/jdk1.7.0_79/bin:/home/mio/android-sdk/tools:/home/mio/android-sdk/platform-tools:/usr/java/jdk1.7.0_79//bin:/usr/local/sbin:/usr/local/bin:/usr/sbin:/usr/bin:/sbin:/bin:/usr/games:/usr/local/games:/usr/java/jdk1.7.0_79/bin
LD_LIBRARY_PATH=/home/mio/android-studio/bin:
SHELL=/bin/bash
DISPLAY=:0

Signal Handlers:
SIGSEGV: [libjvm.so+0x9a3bf0], sa_mask[0]=0x7ffbfeff, sa_flags=0x10000004
SIGBUS: [libjvm.so+0x9a3bf0], sa_mask[0]=0x7ffbfeff, sa_flags=0x10000004
SIGFPE: [libjvm.so+0x81cb60], sa_mask[0]=0x7ffbfeff, sa_flags=0x10000004
SIGPIPE: [libjvm.so+0x81cb60], sa_mask[0]=0x7ffbfeff, sa_flags=0x10000004
SIGXFSZ: [libjvm.so+0x81cb60], sa_mask[0]=0x7ffbfeff, sa_flags=0x10000004
SIGILL: [libjvm.so+0x81cb60], sa_mask[0]=0x7ffbfeff, sa_flags=0x10000004
SIGUSR1: SIG_DFL, sa_mask[0]=0x00000000, sa_flags=0x00000000
SIGUSR2: [libjvm.so+0x81e360], sa_mask[0]=0x00000004, sa_flags=0x10000004
SIGHUP: [libjvm.so+0x81f480], sa_mask[0]=0x7ffbfeff, sa_flags=0x10000004
SIGINT: [libjvm.so+0x81f480], sa_mask[0]=0x7ffbfeff, sa_flags=0x10000004
SIGTERM: [libjvm.so+0x81f480], sa_mask[0]=0x7ffbfeff, sa_flags=0x10000004
SIGQUIT: [libjvm.so+0x81f480], sa_mask[0]=0x7ffbfeff, sa_flags=0x10000004


---------------  S Y S T E M  ---------------

OS:jessie/sid

uname:Linux 3.16.0-30-generic #40~14.04.1-Ubuntu SMP Thu Jan 15 17:43:14 UTC 2015 x86_64
libc:glibc 2.19 NPTL 2.19 
rlimit: STACK 8192k, CORE 0k, NPROC 15715, NOFILE 4096, AS infinity
load average:5.54 3.22 1.96

/proc/meminfo:
MemTotal:        4044700 kB
MemFree:          110836 kB
MemAvailable:      72916 kB
Buffers:             980 kB
Cached:           136460 kB
SwapCached:            0 kB
Active:          3596592 kB
Inactive:          74092 kB
Active(anon):    3564312 kB
Inactive(anon):    40712 kB
Active(file):      32280 kB
Inactive(file):    33380 kB
Unevictable:         132 kB
Mlocked:             132 kB
SwapTotal:             0 kB
SwapFree:              0 kB
Dirty:               184 kB
Writeback:             0 kB
AnonPages:       3533476 kB
Mapped:           128776 kB
Shmem:             71684 kB
Slab:              60708 kB
SReclaimable:      27436 kB
SUnreclaim:        33272 kB
KernelStack:        9584 kB
PageTables:        49968 kB
NFS_Unstable:          0 kB
Bounce:                0 kB
WritebackTmp:          0 kB
CommitLimit:     2022348 kB
Committed_AS:    7174408 kB
VmallocTotal:   34359738367 kB
VmallocUsed:       95428 kB
VmallocChunk:   34359585264 kB
HardwareCorrupted:     0 kB
AnonHugePages:   2078720 kB
HugePages_Total:       0
HugePages_Free:        0
HugePages_Rsvd:        0
HugePages_Surp:        0
Hugepagesize:       2048 kB
DirectMap4k:       62196 kB
DirectMap2M:     4128768 kB


CPU:total 2 (2 cores per cpu, 1 threads per core) family 6 model 23 stepping 10, cmov, cx8, fxsr, mmx, sse, sse2, sse3, ssse3, tsc

/proc/cpuinfo:
processor	: 0
vendor_id	: GenuineIntel
cpu family	: 6
model		: 23
model name	: Pentium(R) Dual-Core CPU       T4400  @ 2.20GHz
stepping	: 10
microcode	: 0xa07
cpu MHz		: 2200.000
cache size	: 1024 KB
physical id	: 0
siblings	: 2
core id		: 0
cpu cores	: 2
apicid		: 0
initial apicid	: 0
fpu		: yes
fpu_exception	: yes
cpuid level	: 13
wp		: yes
flags		: fpu vme de pse tsc msr pae mce cx8 apic sep mtrr pge mca cmov pat pse36 clflush dts acpi mmx fxsr sse sse2 ss ht tm pbe syscall nx lm constant_tsc arch_perfmon pebs bts rep_good nopl aperfmperf pni dtes64 monitor ds_cpl est tm2 ssse3 cx16 xtpr pdcm xsave lahf_lm dtherm
bogomips	: 4389.10
clflush size	: 64
cache_alignment	: 64
address sizes	: 36 bits physical, 48 bits virtual
power management:

processor	: 1
vendor_id	: GenuineIntel
cpu family	: 6
model		: 23
model name	: Pentium(R) Dual-Core CPU       T4400  @ 2.20GHz
stepping	: 10
microcode	: 0xa07
cpu MHz		: 2200.000
cache size	: 1024 KB
physical id	: 0
siblings	: 2
core id		: 1
cpu cores	: 2
apicid		: 1
initial apicid	: 1
fpu		: yes
fpu_exception	: yes
cpuid level	: 13
wp		: yes
flags		: fpu vme de pse tsc msr pae mce cx8 apic sep mtrr pge mca cmov pat pse36 clflush dts acpi mmx fxsr sse sse2 ss ht tm pbe syscall nx lm constant_tsc arch_perfmon pebs bts rep_good nopl aperfmperf pni dtes64 monitor ds_cpl est tm2 ssse3 cx16 xtpr pdcm xsave lahf_lm dtherm
bogomips	: 4389.10
clflush size	: 64
cache_alignment	: 64
address sizes	: 36 bits physical, 48 bits virtual
power management:



Memory: 4k page, physical 4044700k(110836k free), swap 0k(0k free)

vm_info: Java HotSpot(TM) 64-Bit Server VM (24.79-b02) for linux-amd64 JRE (1.7.0_79-b15), built on Apr 10 2015 11:34:48 by "java_re" with gcc 4.3.0 20080428 (Red Hat 4.3.0-8)

time: Thu Aug 13 14:57:26 2015
elapsed time: 14 seconds

