#
# There is insufficient memory for the Java Runtime Environment to continue.
# Native memory allocation (malloc) failed to allocate 52428800 bytes for committing reserved memory.
# Possible reasons:
#   The system is out of physical RAM or swap space
#   In 32 bit mode, the process size limit was hit
# Possible solutions:
#   Reduce memory load on the system
#   Increase physical memory or swap space
#   Check if swap backing store is full
#   Use 64 bit Java on a 64 bit OS
#   Decrease Java heap size (-Xmx/-Xms)
#   Decrease number of Java threads
#   Decrease Java thread stack sizes (-Xss)
#   Set larger code cache with -XX:ReservedCodeCacheSize=
# This output file may be truncated or incomplete.
#
#  Out of Memory Error (os_linux.cpp:2756), pid=10863, tid=140639738312448
#
# JRE version: Java(TM) SE Runtime Environment (7.0_79-b15) (build 1.7.0_79-b15)
# Java VM: Java HotSpot(TM) 64-Bit Server VM (24.79-b02 mixed mode linux-amd64 compressed oops)
# Failed to write core dump. Core dumps have been disabled. To enable core dumping, try "ulimit -c unlimited" before starting Java again
#

---------------  T H R E A D  ---------------

Current thread (0x00007fe948066000):  VMThread [stack: 0x00007fe93d94b000,0x00007fe93da4c000] [id=10870]

Stack: [0x00007fe93d94b000,0x00007fe93da4c000],  sp=0x00007fe93da4a0c0,  free space=1020k
Native frames: (J=compiled Java code, j=interpreted, Vv=VM code, C=native code)
V  [libjvm.so+0x9a32da]  VMError::report_and_die()+0x2ea
V  [libjvm.so+0x497f7b]  report_vm_out_of_memory(char const*, int, unsigned long, char const*)+0x9b
V  [libjvm.so+0x81fcce]  os::Linux::commit_memory_impl(char*, unsigned long, bool)+0xfe
V  [libjvm.so+0x820219]  os::pd_commit_memory(char*, unsigned long, unsigned long, bool)+0x29
V  [libjvm.so+0x819faa]  os::commit_memory(char*, unsigned long, unsigned long, bool)+0x2a
V  [libjvm.so+0x88d863]  PSVirtualSpace::expand_by(unsigned long)+0x53
V  [libjvm.so+0x88ec38]  PSYoungGen::resize_generation(unsigned long, unsigned long)+0xf8
V  [libjvm.so+0x88dda2]  PSYoungGen::resize(unsigned long, unsigned long)+0x22
V  [libjvm.so+0x88b15d]  PSScavenge::invoke_no_policy()+0xf3d
V  [libjvm.so+0x88b9a1]  PSScavenge::invoke()+0x41
V  [libjvm.so+0x842320]  ParallelScavengeHeap::failed_mem_allocate(unsigned long)+0x70
V  [libjvm.so+0x9a4b67]  VM_ParallelGCFailedAllocation::doit()+0x97
V  [libjvm.so+0x9ac005]  VM_Operation::evaluate()+0x55
V  [libjvm.so+0x9aa3ca]  VMThread::evaluate_operation(VM_Operation*)+0xba
V  [libjvm.so+0x9aa74e]  VMThread::loop()+0x1ce
V  [libjvm.so+0x9aabc0]  VMThread::run()+0x70
V  [libjvm.so+0x821ca8]  java_start(Thread*)+0x108

VM_Operation (0x00007fe94ef41410): ParallelGCFailedAllocation, mode: safepoint, requested by thread 0x00007fe94800a800


---------------  P R O C E S S  ---------------

Java Threads: ( => current thread )
  0x00007fe948094800 JavaThread "Service Thread" daemon [_thread_blocked, id=10885, stack(0x00007fe93cc63000,0x00007fe93cd64000)]
  0x00007fe948092000 JavaThread "C2 CompilerThread1" daemon [_thread_blocked, id=10884, stack(0x00007fe93cd64000,0x00007fe93ce65000)]
  0x00007fe94808f000 JavaThread "C2 CompilerThread0" daemon [_thread_blocked, id=10883, stack(0x00007fe93ce65000,0x00007fe93cf66000)]
  0x00007fe94808d000 JavaThread "Signal Dispatcher" daemon [_thread_blocked, id=10882, stack(0x00007fe93cf66000,0x00007fe93d067000)]
  0x00007fe94806c000 JavaThread "Finalizer" daemon [_thread_blocked, id=10872, stack(0x00007fe93d749000,0x00007fe93d84a000)]
  0x00007fe94806a000 JavaThread "Reference Handler" daemon [_thread_blocked, id=10871, stack(0x00007fe93d84a000,0x00007fe93d94b000)]
  0x00007fe94800a800 JavaThread "main" [_thread_blocked, id=10867, stack(0x00007fe94ee42000,0x00007fe94ef43000)]

Other Threads:
=>0x00007fe948066000 VMThread [stack: 0x00007fe93d94b000,0x00007fe93da4c000] [id=10870]
  0x00007fe94809f000 WatcherThread [stack: 0x00007fe93cb62000,0x00007fe93cc63000] [id=10886]

VM state:at safepoint (normal execution)

VM Mutex/Monitor currently owned by a thread:  ([mutex/lock_event])
[0x00007fe948006d10] Threads_lock - owner thread: 0x00007fe948066000
[0x00007fe948007210] Heap_lock - owner thread: 0x00007fe94800a800

Heap
 PSYoungGen      total 35328K, used 2550K [0x00000000eaa80000, 0x00000000ecf80000, 0x0000000100000000)
  eden space 32768K, 0% used [0x00000000eaa80000,0x00000000eaa80000,0x00000000eca80000)
  from space 2560K, 99% used [0x00000000eca80000,0x00000000eccfda60,0x00000000ecd00000)
  to   space 2560K, 0% used [0x00000000ecd00000,0x00000000ecd00000,0x00000000ecf80000)
 ParOldGen       total 41984K, used 21565K [0x00000000c0000000, 0x00000000c2900000, 0x00000000eaa80000)
  object space 41984K, 51% used [0x00000000c0000000,0x00000000c150f5a8,0x00000000c2900000)
 PSPermGen       total 21504K, used 6900K [0x00000000bae00000, 0x00000000bc300000, 0x00000000c0000000)
  object space 21504K, 32% used [0x00000000bae00000,0x00000000bb4bd010,0x00000000bc300000)

Card table byte_map: [0x00007fe944dd6000,0x00007fe945000000] byte_map_base: 0x00007fe9447ff000

Polling page: 0x00007fe94ef5c000

Code Cache  [0x00007fe945000000, 0x00007fe945270000, 0x00007fe948000000)
 total_blobs=637 nmethods=388 adapters=203 free_code_cache=48058Kb largest_free_block=49169472

Compilation events (10 events):
Event: 6.210 Thread 0x00007fe94808f000 nmethod 386 0x00007fe9450ee9d0 code [0x00007fe9450eeb00, 0x00007fe9450eeb78]
Event: 6.210 Thread 0x00007fe94808f000  387             com.android.dx.merge.DexMerger$IdMerger$UnsortedValue::<init> (38 bytes)
Event: 6.211 Thread 0x00007fe94808f000 nmethod 387 0x00007fe9450ee790 code [0x00007fe9450ee8c0, 0x00007fe9450ee958]
Event: 6.211 Thread 0x00007fe94808f000  388             com.android.dex.EncodedValueReader::readAnnotation (30 bytes)
Event: 6.215 Thread 0x00007fe94808f000 nmethod 388 0x00007fe9450f1ad0 code [0x00007fe9450f1c60, 0x00007fe9450f1e98]
Event: 6.215 Thread 0x00007fe94808f000  389             com.android.dex.Annotation::<init> (20 bytes)
Event: 6.216 Thread 0x00007fe94808f000 nmethod 389 0x00007fe9450f1890 code [0x00007fe9450f19c0, 0x00007fe9450f1a38]
Event: 6.216 Thread 0x00007fe94808f000  390             com.android.dx.merge.DexMerger$IdMerger::readUnsortedValues (101 bytes)
Event: 6.363 Thread 0x00007fe94808f000 nmethod 390 0x00007fe945116250 code [0x00007fe945116600, 0x00007fe945118348]
Event: 6.363 Thread 0x00007fe94808f000  391             java.util.ComparableTimSort::binarySort (223 bytes)

GC Heap History (9 events):
Event: 3.531 GC heap before
{Heap before GC invocations=1 (full 0):
 PSYoungGen      total 18944K, used 16363K [0x00000000eaa80000, 0x00000000ebf80000, 0x0000000100000000)
  eden space 16384K, 99% used [0x00000000eaa80000,0x00000000eba7ac80,0x00000000eba80000)
  from space 2560K, 0% used [0x00000000ebd00000,0x00000000ebd00000,0x00000000ebf80000)
  to   space 2560K, 0% used [0x00000000eba80000,0x00000000eba80000,0x00000000ebd00000)
 ParOldGen       total 41984K, used 0K [0x00000000c0000000, 0x00000000c2900000, 0x00000000eaa80000)
  object space 41984K, 0% used [0x00000000c0000000,0x00000000c0000000,0x00000000c2900000)
 PSPermGen       total 21504K, used 5242K [0x00000000bae00000, 0x00000000bc300000, 0x00000000c0000000)
  object space 21504K, 24% used [0x00000000bae00000,0x00000000bb31eb38,0x00000000bc300000)
Event: 3.560 GC heap after
Heap after GC invocations=1 (full 0):
 PSYoungGen      total 18944K, used 2559K [0x00000000eaa80000, 0x00000000ebf80000, 0x0000000100000000)
  eden space 16384K, 0% used [0x00000000eaa80000,0x00000000eaa80000,0x00000000eba80000)
  from space 2560K, 99% used [0x00000000eba80000,0x00000000ebcffcb0,0x00000000ebd00000)
  to   space 2560K, 0% used [0x00000000ebd00000,0x00000000ebd00000,0x00000000ebf80000)
 ParOldGen       total 41984K, used 2665K [0x00000000c0000000, 0x00000000c2900000, 0x00000000eaa80000)
  object space 41984K, 6% used [0x00000000c0000000,0x00000000c029a480,0x00000000c2900000)
 PSPermGen       total 21504K, used 5242K [0x00000000bae00000, 0x00000000bc300000, 0x00000000c0000000)
  object space 21504K, 24% used [0x00000000bae00000,0x00000000bb31eb38,0x00000000bc300000)
}
Event: 4.978 GC heap before
{Heap before GC invocations=2 (full 0):
 PSYoungGen      total 18944K, used 18943K [0x00000000eaa80000, 0x00000000ebf80000, 0x0000000100000000)
  eden space 16384K, 100% used [0x00000000eaa80000,0x00000000eba80000,0x00000000eba80000)
  from space 2560K, 99% used [0x00000000eba80000,0x00000000ebcffcb0,0x00000000ebd00000)
  to   space 2560K, 0% used [0x00000000ebd00000,0x00000000ebd00000,0x00000000ebf80000)
 ParOldGen       total 41984K, used 2665K [0x00000000c0000000, 0x00000000c2900000, 0x00000000eaa80000)
  object space 41984K, 6% used [0x00000000c0000000,0x00000000c029a480,0x00000000c2900000)
 PSPermGen       total 21504K, used 6816K [0x00000000bae00000, 0x00000000bc300000, 0x00000000c0000000)
  object space 21504K, 31% used [0x00000000bae00000,0x00000000bb4a8030,0x00000000bc300000)
Event: 4.997 GC heap after
Heap after GC invocations=2 (full 0):
 PSYoungGen      total 18944K, used 2534K [0x00000000eaa80000, 0x00000000ecf80000, 0x0000000100000000)
  eden space 16384K, 0% used [0x00000000eaa80000,0x00000000eaa80000,0x00000000eba80000)
  from space 2560K, 98% used [0x00000000ebd00000,0x00000000ebf79928,0x00000000ebf80000)
  to   space 2560K, 0% used [0x00000000eba80000,0x00000000eba80000,0x00000000ebd00000)
 ParOldGen       total 41984K, used 6411K [0x00000000c0000000, 0x00000000c2900000, 0x00000000eaa80000)
  object space 41984K, 15% used [0x00000000c0000000,0x00000000c0642f20,0x00000000c2900000)
 PSPermGen       total 21504K, used 6816K [0x00000000bae00000, 0x00000000bc300000, 0x00000000c0000000)
  object space 21504K, 31% used [0x00000000bae00000,0x00000000bb4a8030,0x00000000bc300000)
}
Event: 5.421 GC heap before
{Heap before GC invocations=3 (full 0):
 PSYoungGen      total 18944K, used 18918K [0x00000000eaa80000, 0x00000000ecf80000, 0x0000000100000000)
  eden space 16384K, 100% used [0x00000000eaa80000,0x00000000eba80000,0x00000000eba80000)
  from space 2560K, 98% used [0x00000000ebd00000,0x00000000ebf79928,0x00000000ebf80000)
  to   space 2560K, 0% used [0x00000000eba80000,0x00000000eba80000,0x00000000ebd00000)
 ParOldGen       total 41984K, used 6411K [0x00000000c0000000, 0x00000000c2900000, 0x00000000eaa80000)
  object space 41984K, 15% used [0x00000000c0000000,0x00000000c0642f20,0x00000000c2900000)
 PSPermGen       total 21504K, used 6864K [0x00000000bae00000, 0x00000000bc300000, 0x00000000c0000000)
  object space 21504K, 31% used [0x00000000bae00000,0x00000000bb4b4150,0x00000000bc300000)
Event: 5.440 GC heap after
Heap after GC invocations=3 (full 0):
 PSYoungGen      total 18944K, used 2537K [0x00000000eaa80000, 0x00000000ecf80000, 0x0000000100000000)
  eden space 16384K, 0% used [0x00000000eaa80000,0x00000000eaa80000,0x00000000eba80000)
  from space 2560K, 99% used [0x00000000eba80000,0x00000000ebcfa558,0x00000000ebd00000)
  to   space 2560K, 0% used [0x00000000ecd00000,0x00000000ecd00000,0x00000000ecf80000)
 ParOldGen       total 41984K, used 11758K [0x00000000c0000000, 0x00000000c2900000, 0x00000000eaa80000)
  object space 41984K, 28% used [0x00000000c0000000,0x00000000c0b7b9d0,0x00000000c2900000)
 PSPermGen       total 21504K, used 6864K [0x00000000bae00000, 0x00000000bc300000, 0x00000000c0000000)
  object space 21504K, 31% used [0x00000000bae00000,0x00000000bb4b4150,0x00000000bc300000)
}
Event: 5.777 GC heap before
{Heap before GC invocations=4 (full 0):
 PSYoungGen      total 18944K, used 18921K [0x00000000eaa80000, 0x00000000ecf80000, 0x0000000100000000)
  eden space 16384K, 100% used [0x00000000eaa80000,0x00000000eba80000,0x00000000eba80000)
  from space 2560K, 99% used [0x00000000eba80000,0x00000000ebcfa558,0x00000000ebd00000)
  to   space 2560K, 0% used [0x00000000ecd00000,0x00000000ecd00000,0x00000000ecf80000)
 ParOldGen       total 41984K, used 11758K [0x00000000c0000000, 0x00000000c2900000, 0x00000000eaa80000)
  object space 41984K, 28% used [0x00000000c0000000,0x00000000c0b7b9d0,0x00000000c2900000)
 PSPermGen       total 21504K, used 6884K [0x00000000bae00000, 0x00000000bc300000, 0x00000000c0000000)
  object space 21504K, 32% used [0x00000000bae00000,0x00000000bb4b92f8,0x00000000bc300000)
Event: 5.797 GC heap after
Heap after GC invocations=4 (full 0):
 PSYoungGen      total 35328K, used 2534K [0x00000000eaa80000, 0x00000000ecf80000, 0x0000000100000000)
  eden space 32768K, 0% used [0x00000000eaa80000,0x00000000eaa80000,0x00000000eca80000)
  from space 2560K, 99% used [0x00000000ecd00000,0x00000000ecf79a70,0x00000000ecf80000)
  to   space 2560K, 0% used [0x00000000eca80000,0x00000000eca80000,0x00000000ecd00000)
 ParOldGen       total 41984K, used 13151K [0x00000000c0000000, 0x00000000c2900000, 0x00000000eaa80000)
  object space 41984K, 31% used [0x00000000c0000000,0x00000000c0cd7e70,0x00000000c2900000)
 PSPermGen       total 21504K, used 6884K [0x00000000bae00000, 0x00000000bc300000, 0x00000000c0000000)
  object space 21504K, 32% used [0x00000000bae00000,0x00000000bb4b92f8,0x00000000bc300000)
}
Event: 6.368 GC heap before
{Heap before GC invocations=5 (full 0):
 PSYoungGen      total 35328K, used 35302K [0x00000000eaa80000, 0x00000000ecf80000, 0x0000000100000000)
  eden space 32768K, 100% used [0x00000000eaa80000,0x00000000eca80000,0x00000000eca80000)
  from space 2560K, 99% used [0x00000000ecd00000,0x00000000ecf79a70,0x00000000ecf80000)
  to   space 2560K, 0% used [0x00000000eca80000,0x00000000eca80000,0x00000000ecd00000)
 ParOldGen       total 41984K, used 13151K [0x00000000c0000000, 0x00000000c2900000, 0x00000000eaa80000)
  object space 41984K, 31% used [0x00000000c0000000,0x00000000c0cd7e70,0x00000000c2900000)
 PSPermGen       total 21504K, used 6900K [0x00000000bae00000, 0x00000000bc300000, 0x00000000c0000000)
  object space 21504K, 32% used [0x00000000bae00000,0x00000000bb4bd010,0x00000000bc300000)

Deoptimization events (10 events):
Event: 4.117 Thread 0x00007fe94800a800 Uncommon trap: reason=class_check action=maybe_recompile pc=0x00007fe9450918ec method=com.android.dex.Leb128.writeUnsignedLeb128(Lcom/android/dex/util/ByteOutput;I)V @ 40
Event: 4.117 Thread 0x00007fe94800a800 Uncommon trap: reason=class_check action=maybe_recompile pc=0x00007fe9450918ec method=com.android.dex.Leb128.writeUnsignedLeb128(Lcom/android/dex/util/ByteOutput;I)V @ 40
Event: 4.117 Thread 0x00007fe94800a800 Uncommon trap: reason=class_check action=maybe_recompile pc=0x00007fe9450918ec method=com.android.dex.Leb128.writeUnsignedLeb128(Lcom/android/dex/util/ByteOutput;I)V @ 40
Event: 4.117 Thread 0x00007fe94800a800 Uncommon trap: reason=class_check action=maybe_recompile pc=0x00007fe9450918ec method=com.android.dex.Leb128.writeUnsignedLeb128(Lcom/android/dex/util/ByteOutput;I)V @ 40
Event: 4.718 Thread 0x00007fe94800a800 Uncommon trap: reason=class_check action=maybe_recompile pc=0x00007fe9450a3a84 method=com.android.dex.Leb128.readUnsignedLeb128(Lcom/android/dex/util/ByteInput;)I @ 5
Event: 4.718 Thread 0x00007fe94800a800 Uncommon trap: reason=class_check action=maybe_recompile pc=0x00007fe9450a3a84 method=com.android.dex.Leb128.readUnsignedLeb128(Lcom/android/dex/util/ByteInput;)I @ 5
Event: 4.718 Thread 0x00007fe94800a800 Uncommon trap: reason=class_check action=maybe_recompile pc=0x00007fe9450a3a84 method=com.android.dex.Leb128.readUnsignedLeb128(Lcom/android/dex/util/ByteInput;)I @ 5
Event: 4.718 Thread 0x00007fe94800a800 Uncommon trap: reason=class_check action=maybe_recompile pc=0x00007fe9450a3a84 method=com.android.dex.Leb128.readUnsignedLeb128(Lcom/android/dex/util/ByteInput;)I @ 5
Event: 5.121 Thread 0x00007fe94800a800 Uncommon trap: reason=predicate action=maybe_recompile pc=0x00007fe9450b78b8 method=com.android.dex.Leb128.readUnsignedLeb128(Lcom/android/dex/util/ByteInput;)I @ 41
Event: 5.872 Thread 0x00007fe94800a800 Uncommon trap: reason=predicate action=maybe_recompile pc=0x00007fe9450de50c method=java.util.ComparableTimSort.binarySort([Ljava/lang/Object;III)V @ 37

Internal exceptions (10 events):
Event: 4.328 Thread 0x00007fe94800a800 Threw 0x00000000eb49d380 at /HUDSON/workspace/7u-2-build-linux-amd64/jdk7u79/2331/hotspot/src/share/vm/prims/jvm.cpp:1304
Event: 4.328 Thread 0x00007fe94800a800 Threw 0x00000000eb4a0248 at /HUDSON/workspace/7u-2-build-linux-amd64/jdk7u79/2331/hotspot/src/share/vm/prims/jvm.cpp:1304
Event: 4.329 Thread 0x00007fe94800a800 Threw 0x00000000eb4a3548 at /HUDSON/workspace/7u-2-build-linux-amd64/jdk7u79/2331/hotspot/src/share/vm/prims/jvm.cpp:1304
Event: 4.332 Thread 0x00007fe94800a800 Threw 0x00000000eb4aa548 at /HUDSON/workspace/7u-2-build-linux-amd64/jdk7u79/2331/hotspot/src/share/vm/prims/jvm.cpp:1304
Event: 4.333 Thread 0x00007fe94800a800 Threw 0x00000000eb4ac588 at /HUDSON/workspace/7u-2-build-linux-amd64/jdk7u79/2331/hotspot/src/share/vm/prims/jvm.cpp:1304
Event: 4.497 Thread 0x00007fe94800a800 Threw 0x00000000eb544190 at /HUDSON/workspace/7u-2-build-linux-amd64/jdk7u79/2331/hotspot/src/share/vm/prims/jvm.cpp:1304
Event: 4.497 Thread 0x00007fe94800a800 Threw 0x00000000eb5442b8 at /HUDSON/workspace/7u-2-build-linux-amd64/jdk7u79/2331/hotspot/src/share/vm/prims/jvm.cpp:1304
Event: 4.497 Thread 0x00007fe94800a800 Threw 0x00000000eb546428 at /HUDSON/workspace/7u-2-build-linux-amd64/jdk7u79/2331/hotspot/src/share/vm/prims/jvm.cpp:1304
Event: 4.497 Thread 0x00007fe94800a800 Threw 0x00000000eb546550 at /HUDSON/workspace/7u-2-build-linux-amd64/jdk7u79/2331/hotspot/src/share/vm/prims/jvm.cpp:1304
Event: 5.441 Thread 0x00007fe94800a800 Threw 0x00000000eaa862a8 at /HUDSON/workspace/7u-2-build-linux-amd64/jdk7u79/2331/hotspot/src/share/vm/prims/jvm.cpp:1304

Events (10 events):
Event: 5.441 loading class 0x00007fe9481fb390 done
Event: 5.733 Executing VM operation: EnableBiasedLocking
Event: 5.738 Executing VM operation: EnableBiasedLocking done
Event: 5.754 Thread 0x00007fe94808f000 flushing nmethod 0x00007fe9450913d0
Event: 5.777 Executing VM operation: ParallelGCFailedAllocation
Event: 5.797 Executing VM operation: ParallelGCFailedAllocation done
Event: 5.872 Thread 0x00007fe94800a800 Uncommon trap: trap_request=0xffffff86 fr.pc=0x00007fe9450de50c
Event: 5.872 Thread 0x00007fe94800a800 DEOPT PACKING pc=0x00007fe9450de50c sp=0x00007fe94ef41420
Event: 5.872 Thread 0x00007fe94800a800 DEOPT UNPACKING pc=0x00007fe945039045 sp=0x00007fe94ef41400 mode 2
Event: 6.368 Executing VM operation: ParallelGCFailedAllocation


Dynamic libraries:
00400000-00401000 r-xp 00000000 08:03 1324608                            /usr/java/jdk1.7.0_79/bin/java
00600000-00601000 rw-p 00000000 08:03 1324608                            /usr/java/jdk1.7.0_79/bin/java
008a7000-008c8000 rw-p 00000000 00:00 0                                  [heap]
bae00000-bc300000 rw-p 00000000 00:00 0 
bc300000-c0000000 rw-p 00000000 00:00 0 
c0000000-c2900000 rw-p 00000000 00:00 0 
c2900000-eaa80000 rw-p 00000000 00:00 0 
eaa80000-ecf80000 rw-p 00000000 00:00 0 
f0180000-100000000 rw-p 00000000 00:00 0 
7fe914000000-7fe914021000 rw-p 00000000 00:00 0 
7fe914021000-7fe918000000 ---p 00000000 00:00 0 
7fe91c000000-7fe91c021000 rw-p 00000000 00:00 0 
7fe91c021000-7fe920000000 ---p 00000000 00:00 0 
7fe920000000-7fe92099e000 rw-p 00000000 00:00 0 
7fe92099e000-7fe924000000 ---p 00000000 00:00 0 
7fe924000000-7fe924021000 rw-p 00000000 00:00 0 
7fe924021000-7fe928000000 ---p 00000000 00:00 0 
7fe928000000-7fe928707000 rw-p 00000000 00:00 0 
7fe928707000-7fe92c000000 ---p 00000000 00:00 0 
7fe92c000000-7fe92c021000 rw-p 00000000 00:00 0 
7fe92c021000-7fe930000000 ---p 00000000 00:00 0 
7fe930000000-7fe930021000 rw-p 00000000 00:00 0 
7fe930021000-7fe934000000 ---p 00000000 00:00 0 
7fe934000000-7fe9340ea000 rw-p 00000000 00:00 0 
7fe9340ea000-7fe938000000 ---p 00000000 00:00 0 
7fe938000000-7fe938021000 rw-p 00000000 00:00 0 
7fe938021000-7fe93c000000 ---p 00000000 00:00 0 
7fe93c5aa000-7fe93c717000 rw-p 00000000 00:00 0 
7fe93c717000-7fe93c72b000 r--p 00000000 08:03 277319                     /usr/share/locale-langpack/zh_CN/LC_MESSAGES/libc.mo
7fe93c72b000-7fe93c741000 r-xp 00000000 08:03 1324781                    /usr/java/jdk1.7.0_79/jre/lib/amd64/libnet.so
7fe93c741000-7fe93c941000 ---p 00016000 08:03 1324781                    /usr/java/jdk1.7.0_79/jre/lib/amd64/libnet.so
7fe93c941000-7fe93c942000 rw-p 00016000 08:03 1324781                    /usr/java/jdk1.7.0_79/jre/lib/amd64/libnet.so
7fe93c942000-7fe93c952000 r-xp 00000000 08:03 1324782                    /usr/java/jdk1.7.0_79/jre/lib/amd64/libnio.so
7fe93c952000-7fe93cb52000 ---p 00010000 08:03 1324782                    /usr/java/jdk1.7.0_79/jre/lib/amd64/libnio.so
7fe93cb52000-7fe93cb53000 rw-p 00010000 08:03 1324782                    /usr/java/jdk1.7.0_79/jre/lib/amd64/libnio.so
7fe93cb53000-7fe93cb62000 r--s 000dd000 08:03 803751                     /home/mio/android-sdk/build-tools/22.0.1/lib/dx.jar
7fe93cb62000-7fe93cb63000 ---p 00000000 00:00 0 
7fe93cb63000-7fe93cc63000 rw-p 00000000 00:00 0                          [stack:10886]
7fe93cc63000-7fe93cc66000 ---p 00000000 00:00 0 
7fe93cc66000-7fe93cd64000 rw-p 00000000 00:00 0                          [stack:10885]
7fe93cd64000-7fe93cd67000 ---p 00000000 00:00 0 
7fe93cd67000-7fe93ce65000 rw-p 00000000 00:00 0                          [stack:10884]
7fe93ce65000-7fe93ce68000 ---p 00000000 00:00 0 
7fe93ce68000-7fe93cf66000 rw-p 00000000 00:00 0                          [stack:10883]
7fe93cf66000-7fe93cf69000 ---p 00000000 00:00 0 
7fe93cf69000-7fe93d067000 rw-p 00000000 00:00 0                          [stack:10882]
7fe93d067000-7fe93d749000 r--p 00000000 08:03 1316390                    /usr/lib/locale/locale-archive
7fe93d749000-7fe93d74c000 ---p 00000000 00:00 0 
7fe93d74c000-7fe93d84a000 rw-p 00000000 00:00 0                          [stack:10872]
7fe93d84a000-7fe93d84d000 ---p 00000000 00:00 0 
7fe93d84d000-7fe93d94b000 rw-p 00000000 00:00 0                          [stack:10871]
7fe93d94b000-7fe93d94c000 ---p 00000000 00:00 0 
7fe93d94c000-7fe940000000 rw-p 00000000 00:00 0                          [stack:10870]
7fe940000000-7fe940021000 rw-p 00000000 00:00 0 
7fe940021000-7fe944000000 ---p 00000000 00:00 0 
7fe944002000-7fe944695000 rw-p 00000000 00:00 0 
7fe944695000-7fe944855000 r--s 039f7000 08:03 1325023                    /usr/java/jdk1.7.0_79/jre/lib/rt.jar
7fe944855000-7fe944a7e000 rw-p 00000000 00:00 0 
7fe944a7e000-7fe944a7f000 ---p 00000000 00:00 0 
7fe944a7f000-7fe944b7f000 rw-p 00000000 00:00 0                          [stack:10869]
7fe944b7f000-7fe944b80000 ---p 00000000 00:00 0 
7fe944b80000-7fe944c95000 rw-p 00000000 00:00 0                          [stack:10868]
7fe944c95000-7fe944dd6000 rw-p 00000000 00:00 0 
7fe944dd6000-7fe944de1000 rw-p 00000000 00:00 0 
7fe944de1000-7fe944dff000 rw-p 00000000 00:00 0 
7fe944dff000-7fe944e14000 rw-p 00000000 00:00 0 
7fe944e14000-7fe944f54000 rw-p 00000000 00:00 0 
7fe944f54000-7fe944f67000 rw-p 00000000 00:00 0 
7fe944f67000-7fe944fff000 rw-p 00000000 00:00 0 
7fe944fff000-7fe945000000 rw-p 00000000 00:00 0 
7fe945000000-7fe945270000 rwxp 00000000 00:00 0 
7fe945270000-7fe948229000 rw-p 00000000 00:00 0 
7fe948229000-7fe94c000000 ---p 00000000 00:00 0 
7fe94c005000-7fe94c109000 rw-p 00000000 00:00 0 
7fe94c109000-7fe94c127000 rw-p 00000000 00:00 0 
7fe94c127000-7fe94c141000 r-xp 00000000 08:03 1324793                    /usr/java/jdk1.7.0_79/jre/lib/amd64/libzip.so
7fe94c141000-7fe94c341000 ---p 0001a000 08:03 1324793                    /usr/java/jdk1.7.0_79/jre/lib/amd64/libzip.so
7fe94c341000-7fe94c342000 rw-p 0001a000 08:03 1324793                    /usr/java/jdk1.7.0_79/jre/lib/amd64/libzip.so
7fe94c342000-7fe94c34d000 r-xp 00000000 08:03 1452448                    /lib/x86_64-linux-gnu/libnss_files-2.19.so
7fe94c34d000-7fe94c54c000 ---p 0000b000 08:03 1452448                    /lib/x86_64-linux-gnu/libnss_files-2.19.so
7fe94c54c000-7fe94c54d000 r--p 0000a000 08:03 1452448                    /lib/x86_64-linux-gnu/libnss_files-2.19.so
7fe94c54d000-7fe94c54e000 rw-p 0000b000 08:03 1452448                    /lib/x86_64-linux-gnu/libnss_files-2.19.so
7fe94c54e000-7fe94c559000 r-xp 00000000 08:03 1452468                    /lib/x86_64-linux-gnu/libnss_nis-2.19.so
7fe94c559000-7fe94c758000 ---p 0000b000 08:03 1452468                    /lib/x86_64-linux-gnu/libnss_nis-2.19.so
7fe94c758000-7fe94c759000 r--p 0000a000 08:03 1452468                    /lib/x86_64-linux-gnu/libnss_nis-2.19.so
7fe94c759000-7fe94c75a000 rw-p 0000b000 08:03 1452468                    /lib/x86_64-linux-gnu/libnss_nis-2.19.so
7fe94c75a000-7fe94c771000 r-xp 00000000 08:03 1452457                    /lib/x86_64-linux-gnu/libnsl-2.19.so
7fe94c771000-7fe94c970000 ---p 00017000 08:03 1452457                    /lib/x86_64-linux-gnu/libnsl-2.19.so
7fe94c970000-7fe94c971000 r--p 00016000 08:03 1452457                    /lib/x86_64-linux-gnu/libnsl-2.19.so
7fe94c971000-7fe94c972000 rw-p 00017000 08:03 1452457                    /lib/x86_64-linux-gnu/libnsl-2.19.so
7fe94c972000-7fe94c974000 rw-p 00000000 00:00 0 
7fe94c974000-7fe94c97d000 r-xp 00000000 08:03 1452456                    /lib/x86_64-linux-gnu/libnss_compat-2.19.so
7fe94c97d000-7fe94cb7c000 ---p 00009000 08:03 1452456                    /lib/x86_64-linux-gnu/libnss_compat-2.19.so
7fe94cb7c000-7fe94cb7d000 r--p 00008000 08:03 1452456                    /lib/x86_64-linux-gnu/libnss_compat-2.19.so
7fe94cb7d000-7fe94cb7e000 rw-p 00009000 08:03 1452456                    /lib/x86_64-linux-gnu/libnss_compat-2.19.so
7fe94cb7e000-7fe94cba7000 r-xp 00000000 08:03 1324763                    /usr/java/jdk1.7.0_79/jre/lib/amd64/libjava.so
7fe94cba7000-7fe94cda7000 ---p 00029000 08:03 1324763                    /usr/java/jdk1.7.0_79/jre/lib/amd64/libjava.so
7fe94cda7000-7fe94cda9000 rw-p 00029000 08:03 1324763                    /usr/java/jdk1.7.0_79/jre/lib/amd64/libjava.so
7fe94cda9000-7fe94cdb6000 r-xp 00000000 08:03 1324792                    /usr/java/jdk1.7.0_79/jre/lib/amd64/libverify.so
7fe94cdb6000-7fe94cfb5000 ---p 0000d000 08:03 1324792                    /usr/java/jdk1.7.0_79/jre/lib/amd64/libverify.so
7fe94cfb5000-7fe94cfb7000 rw-p 0000c000 08:03 1324792                    /usr/java/jdk1.7.0_79/jre/lib/amd64/libverify.so
7fe94cfb7000-7fe94cfbe000 r-xp 00000000 08:03 1452465                    /lib/x86_64-linux-gnu/librt-2.19.so
7fe94cfbe000-7fe94d1bd000 ---p 00007000 08:03 1452465                    /lib/x86_64-linux-gnu/librt-2.19.so
7fe94d1bd000-7fe94d1be000 r--p 00006000 08:03 1452465                    /lib/x86_64-linux-gnu/librt-2.19.so
7fe94d1be000-7fe94d1bf000 rw-p 00007000 08:03 1452465                    /lib/x86_64-linux-gnu/librt-2.19.so
7fe94d1bf000-7fe94d2c4000 r-xp 00000000 08:03 1452447                    /lib/x86_64-linux-gnu/libm-2.19.so
7fe94d2c4000-7fe94d4c3000 ---p 00105000 08:03 1452447                    /lib/x86_64-linux-gnu/libm-2.19.so
7fe94d4c3000-7fe94d4c4000 r--p 00104000 08:03 1452447                    /lib/x86_64-linux-gnu/libm-2.19.so
7fe94d4c4000-7fe94d4c5000 rw-p 00105000 08:03 1452447                    /lib/x86_64-linux-gnu/libm-2.19.so
7fe94d4c5000-7fe94e03a000 r-xp 00000000 08:03 1324796                    /usr/java/jdk1.7.0_79/jre/lib/amd64/server/libjvm.so
7fe94e03a000-7fe94e23a000 ---p 00b75000 08:03 1324796                    /usr/java/jdk1.7.0_79/jre/lib/amd64/server/libjvm.so
7fe94e23a000-7fe94e2fe000 rw-p 00b75000 08:03 1324796                    /usr/java/jdk1.7.0_79/jre/lib/amd64/server/libjvm.so
7fe94e2fe000-7fe94e33f000 rw-p 00000000 00:00 0 
7fe94e33f000-7fe94e4fa000 r-xp 00000000 08:03 1452462                    /lib/x86_64-linux-gnu/libc-2.19.so
7fe94e4fa000-7fe94e6f9000 ---p 001bb000 08:03 1452462                    /lib/x86_64-linux-gnu/libc-2.19.so
7fe94e6f9000-7fe94e6fd000 r--p 001ba000 08:03 1452462                    /lib/x86_64-linux-gnu/libc-2.19.so
7fe94e6fd000-7fe94e6ff000 rw-p 001be000 08:03 1452462                    /lib/x86_64-linux-gnu/libc-2.19.so
7fe94e6ff000-7fe94e704000 rw-p 00000000 00:00 0 
7fe94e704000-7fe94e707000 r-xp 00000000 08:03 1452451                    /lib/x86_64-linux-gnu/libdl-2.19.so
7fe94e707000-7fe94e906000 ---p 00003000 08:03 1452451                    /lib/x86_64-linux-gnu/libdl-2.19.so
7fe94e906000-7fe94e907000 r--p 00002000 08:03 1452451                    /lib/x86_64-linux-gnu/libdl-2.19.so
7fe94e907000-7fe94e908000 rw-p 00003000 08:03 1452451                    /lib/x86_64-linux-gnu/libdl-2.19.so
7fe94e908000-7fe94e91e000 r-xp 00000000 08:03 1325462                    /usr/java/jdk1.7.0_79/lib/amd64/jli/libjli.so
7fe94e91e000-7fe94eb1e000 ---p 00016000 08:03 1325462                    /usr/java/jdk1.7.0_79/lib/amd64/jli/libjli.so
7fe94eb1e000-7fe94eb1f000 rw-p 00016000 08:03 1325462                    /usr/java/jdk1.7.0_79/lib/amd64/jli/libjli.so
7fe94eb1f000-7fe94eb38000 r-xp 00000000 08:03 1452463                    /lib/x86_64-linux-gnu/libpthread-2.19.so
7fe94eb38000-7fe94ed37000 ---p 00019000 08:03 1452463                    /lib/x86_64-linux-gnu/libpthread-2.19.so
7fe94ed37000-7fe94ed38000 r--p 00018000 08:03 1452463                    /lib/x86_64-linux-gnu/libpthread-2.19.so
7fe94ed38000-7fe94ed39000 rw-p 00019000 08:03 1452463                    /lib/x86_64-linux-gnu/libpthread-2.19.so
7fe94ed39000-7fe94ed3d000 rw-p 00000000 00:00 0 
7fe94ed3d000-7fe94ed60000 r-xp 00000000 08:03 1452459                    /lib/x86_64-linux-gnu/ld-2.19.so
7fe94ed65000-7fe94ed6c000 r--s 00000000 08:03 1708704                    /usr/lib/x86_64-linux-gnu/gconv/gconv-modules.cache
7fe94ed6c000-7fe94ed8c000 rw-p 00000000 00:00 0 
7fe94ed8c000-7fe94ee42000 rw-p 00000000 00:00 0 
7fe94ee42000-7fe94ee45000 ---p 00000000 00:00 0 
7fe94ee45000-7fe94ef47000 rw-p 00000000 00:00 0                          [stack:10867]
7fe94ef4a000-7fe94ef4b000 rw-p 00000000 00:00 0 
7fe94ef4b000-7fe94ef4f000 r--s 000f7000 08:03 1324921                    /usr/java/jdk1.7.0_79/jre/lib/ext/localedata.jar
7fe94ef4f000-7fe94ef53000 r--s 0008b000 08:03 1324959                    /usr/java/jdk1.7.0_79/jre/lib/jsse.jar
7fe94ef53000-7fe94ef5b000 rw-s 00000000 08:03 555921                     /tmp/hsperfdata_mio/10863
7fe94ef5b000-7fe94ef5c000 rw-p 00000000 00:00 0 
7fe94ef5c000-7fe94ef5d000 ---p 00000000 00:00 0 
7fe94ef5d000-7fe94ef5f000 rw-p 00000000 00:00 0 
7fe94ef5f000-7fe94ef60000 r--p 00022000 08:03 1452459                    /lib/x86_64-linux-gnu/ld-2.19.so
7fe94ef60000-7fe94ef61000 rw-p 00023000 08:03 1452459                    /lib/x86_64-linux-gnu/ld-2.19.so
7fe94ef61000-7fe94ef62000 rw-p 00000000 00:00 0 
7fffd7a7a000-7fffd7a9c000 rw-p 00000000 00:00 0                          [stack]
7fffd7b74000-7fffd7b76000 r-xp 00000000 00:00 0                          [vdso]
7fffd7b76000-7fffd7b78000 r--p 00000000 00:00 0                          [vvar]
ffffffffff600000-ffffffffff601000 r-xp 00000000 00:00 0                  [vsyscall]

VM Arguments:
jvm_args: -Xmx1024M -Dfile.encoding=UTF-8 -Duser.country=CN -Duser.language=zh -Duser.variant 
java_command: com.android.dx.command.Main --dex --output /home/mio/AndroidStudioProjects/DesignTest/app/build/intermediates/dex/debug /home/mio/AndroidStudioProjects/DesignTest/app/build/intermediates/classes/debug /home/mio/AndroidStudioProjects/DesignTest/app/build/intermediates/pre-dexed/debug/support-annotations-22.2.1-99c7ba634fe6011dc7c85233c7b95acc2a4906ce.jar /home/mio/AndroidStudioProjects/DesignTest/app/build/intermediates/pre-dexed/debug/classes-0dd00f1c7db9d55cc6fd6cbdf7b6ef268bf48e9c.jar /home/mio/AndroidStudioProjects/DesignTest/app/build/intermediates/pre-dexed/debug/classes-4ed171797a0c1f3ef2fd4ef4485fe94e043fc4f8.jar /home/mio/AndroidStudioProjects/DesignTest/app/build/intermediates/pre-dexed/debug/internal_impl-22.2.1-a0ace66831ac94c0455f20c0d17c3b0ac5b97059.jar /home/mio/AndroidStudioProjects/DesignTest/app/build/intermediates/pre-dexed/debug/glide-3.6.1-8f6eb2ff3334472f4b2fd851daa2af186132d1e7.jar /home/mio/AndroidStudioProjects/DesignTest/app/build/intermediates/pre-dexed/debug/classes-5c853bf3fcbe3c1c19d59c54ca0c9585715c412a.jar /home/mio/AndroidStudioProjects/DesignTest/app/build/intermediates/pre-dexed/debug/classes-e0bee29efcc095fd9b2170a79b040c77c2871107.jar
Launcher Type: SUN_STANDARD

Environment Variables:
JAVA_HOME=/usr/java/jdk1.7.0_79
JRE_HOME=/usr/java/jdk1.7.0_79/jre
CLASSPATH=/home/mio/android-studio/bin/../lib/bootstrap.jar:/home/mio/android-studio/bin/../lib/extensions.jar:/home/mio/android-studio/bin/../lib/util.jar:/home/mio/android-studio/bin/../lib/jdom.jar:/home/mio/android-studio/bin/../lib/log4j.jar:/home/mio/android-studio/bin/../lib/trove4j.jar:/home/mio/android-studio/bin/../lib/jna.jar:/usr/java/jdk1.7.0_79/lib/tools.jar
PATH=/usr/java/jdk1.7.0_79/bin:/home/mio/android-sdk/tools:/home/mio/android-sdk/platform-tools:/usr/java/jdk1.7.0_79//bin:/usr/local/sbin:/usr/local/bin:/usr/sbin:/usr/bin:/sbin:/bin:/usr/games:/usr/local/games:/usr/java/jdk1.7.0_79/bin
LD_LIBRARY_PATH=/home/mio/android-studio/bin:
SHELL=/bin/bash
DISPLAY=:0

Signal Handlers:
SIGSEGV: [libjvm.so+0x9a3bf0], sa_mask[0]=0x7ffbfeff, sa_flags=0x10000004
SIGBUS: [libjvm.so+0x9a3bf0], sa_mask[0]=0x7ffbfeff, sa_flags=0x10000004
SIGFPE: [libjvm.so+0x81cb60], sa_mask[0]=0x7ffbfeff, sa_flags=0x10000004
SIGPIPE: [libjvm.so+0x81cb60], sa_mask[0]=0x7ffbfeff, sa_flags=0x10000004
SIGXFSZ: [libjvm.so+0x81cb60], sa_mask[0]=0x7ffbfeff, sa_flags=0x10000004
SIGILL: [libjvm.so+0x81cb60], sa_mask[0]=0x7ffbfeff, sa_flags=0x10000004
SIGUSR1: SIG_DFL, sa_mask[0]=0x00000000, sa_flags=0x00000000
SIGUSR2: [libjvm.so+0x81e360], sa_mask[0]=0x00000004, sa_flags=0x10000004
SIGHUP: [libjvm.so+0x81f480], sa_mask[0]=0x7ffbfeff, sa_flags=0x10000004
SIGINT: [libjvm.so+0x81f480], sa_mask[0]=0x7ffbfeff, sa_flags=0x10000004
SIGTERM: [libjvm.so+0x81f480], sa_mask[0]=0x7ffbfeff, sa_flags=0x10000004
SIGQUIT: [libjvm.so+0x81f480], sa_mask[0]=0x7ffbfeff, sa_flags=0x10000004


---------------  S Y S T E M  ---------------

OS:jessie/sid

uname:Linux 3.16.0-30-generic #40~14.04.1-Ubuntu SMP Thu Jan 15 17:43:14 UTC 2015 x86_64
libc:glibc 2.19 NPTL 2.19 
rlimit: STACK 8192k, CORE 0k, NPROC 15715, NOFILE 4096, AS infinity
load average:3.18 2.11 2.02

/proc/meminfo:
MemTotal:        4044700 kB
MemFree:          108984 kB
MemAvailable:      52008 kB
Buffers:             956 kB
Cached:            96420 kB
SwapCached:            0 kB
Active:          3591784 kB
Inactive:          38996 kB
Active(anon):    3578964 kB
Inactive(anon):    23200 kB
Active(file):      12820 kB
Inactive(file):    15796 kB
Unevictable:          84 kB
Mlocked:              84 kB
SwapTotal:             0 kB
SwapFree:              0 kB
Dirty:               432 kB
Writeback:             0 kB
AnonPages:       3533728 kB
Mapped:            88228 kB
Shmem:             68520 kB
Slab:              59288 kB
SReclaimable:      26372 kB
SUnreclaim:        32916 kB
KernelStack:        9504 kB
PageTables:        50312 kB
NFS_Unstable:          0 kB
Bounce:                0 kB
WritebackTmp:          0 kB
CommitLimit:     2022348 kB
Committed_AS:    7222956 kB
VmallocTotal:   34359738367 kB
VmallocUsed:       95620 kB
VmallocChunk:   34359627620 kB
HardwareCorrupted:     0 kB
AnonHugePages:   2318336 kB
HugePages_Total:       0
HugePages_Free:        0
HugePages_Rsvd:        0
HugePages_Surp:        0
Hugepagesize:       2048 kB
DirectMap4k:       43764 kB
DirectMap2M:     4147200 kB


CPU:total 2 (2 cores per cpu, 1 threads per core) family 6 model 23 stepping 10, cmov, cx8, fxsr, mmx, sse, sse2, sse3, ssse3, tsc

/proc/cpuinfo:
processor	: 0
vendor_id	: GenuineIntel
cpu family	: 6
model		: 23
model name	: Pentium(R) Dual-Core CPU       T4400  @ 2.20GHz
stepping	: 10
microcode	: 0xa07
cpu MHz		: 2200.000
cache size	: 1024 KB
physical id	: 0
siblings	: 2
core id		: 0
cpu cores	: 2
apicid		: 0
initial apicid	: 0
fpu		: yes
fpu_exception	: yes
cpuid level	: 13
wp		: yes
flags		: fpu vme de pse tsc msr pae mce cx8 apic sep mtrr pge mca cmov pat pse36 clflush dts acpi mmx fxsr sse sse2 ss ht tm pbe syscall nx lm constant_tsc arch_perfmon pebs bts rep_good nopl aperfmperf pni dtes64 monitor ds_cpl est tm2 ssse3 cx16 xtpr pdcm xsave lahf_lm dtherm
bogomips	: 4388.96
clflush size	: 64
cache_alignment	: 64
address sizes	: 36 bits physical, 48 bits virtual
power management:

processor	: 1
vendor_id	: GenuineIntel
cpu family	: 6
model		: 23
model name	: Pentium(R) Dual-Core CPU       T4400  @ 2.20GHz
stepping	: 10
microcode	: 0xa07
cpu MHz		: 2200.000
cache size	: 1024 KB
physical id	: 0
siblings	: 2
core id		: 1
cpu cores	: 2
apicid		: 1
initial apicid	: 1
fpu		: yes
fpu_exception	: yes
cpuid level	: 13
wp		: yes
flags		: fpu vme de pse tsc msr pae mce cx8 apic sep mtrr pge mca cmov pat pse36 clflush dts acpi mmx fxsr sse sse2 ss ht tm pbe syscall nx lm constant_tsc arch_perfmon pebs bts rep_good nopl aperfmperf pni dtes64 monitor ds_cpl est tm2 ssse3 cx16 xtpr pdcm xsave lahf_lm dtherm
bogomips	: 4388.96
clflush size	: 64
cache_alignment	: 64
address sizes	: 36 bits physical, 48 bits virtual
power management:



Memory: 4k page, physical 4044700k(108984k free), swap 0k(0k free)

vm_info: Java HotSpot(TM) 64-Bit Server VM (24.79-b02) for linux-amd64 JRE (1.7.0_79-b15), built on Apr 10 2015 11:34:48 by "java_re" with gcc 4.3.0 20080428 (Red Hat 4.3.0-8)

time: Fri Aug 14 17:20:38 2015
elapsed time: 7 seconds

